Oracle Database 19c Enterprise Edition Release 19.0.0.0.0 - Production
Version 19.18.0.0.0
WORKLOAD REPOSITORY REPORT - ADG SAMPLE

Snapshot Period Summary
DB Name         DB Id      Instance       Inst Num  Startup Time             Release      RAC
------------ ----------- ------------- --------- ------------------------ ----------- ---
FINDB        1234567890 FINDB1                1 24-Mar-26 03:15:19      19.18.0.0.0 NO

Host Name    Platform
------------ ------------------------------------------------------------
exa-adg-node01 Linux x86 64-bit

Begin Snap: 12236  29-Mar-26 05:00:00
  End Snap: 12237  29-Mar-26 06:00:00
   Elapsed:               60.00 (mins)
   DB Time:            430.0 (mins)

Workload Note
-------------
Anomaly: ADG transport lag begins building as redo generation rises.

Data Guard Role Summary
-----------------------
Reported role context: PRIMARY
Protection mode: MAXIMUM PERFORMANCE

Load Profile
~~~~~~~~~~~~                            Per Second       Per Transaction
                                   ---------------    ---------------
                 DB Time(s):              430.0               0.86
                  DB CPU(s):              290.0               0.58
                  Redo size:        207,618,048.0          415,236.1
               Transactions:              500.0

Foreground Wait Events
~~~~~~~~~~~~~~~~~~~~~~
                                                               Avg
                                                      Wait   wait   % DB
Event                                   Waits   Time (s)   (ms)   time Wait Class
-------------------------------- ------------ ---------- ------ ------ ------------------------------
DB CPU                                                17,400          67.4                            CPU
log file sync                           1,789,200      2,182   1.22    8.5                         Commit
cell single block physical read        10,600,000      2,544   0.24    9.9                       User I/O
LNS wait on SENDREQ                       270,000        180   0.67    0.7                        Network
RFS write                                  55,020         91   1.65    0.4                     System I/O
managed recovery process wait              33,600         95   2.83    0.4                  Configuration

Data Guard Statistics
~~~~~~~~~~~~~~~~~~~~~
Statistic                                      Value
------------------------------------------- ----------------
transport lag (seconds)                                  130
apply lag (seconds)                                       95
redo transport status                                LAGGING
apply status                                        APPLYING
estimated data loss exposure (seconds)                   130
observer status                                       ONLINE

Role Transition Indicators
--------------------------
No role transition in this interval.

SQL ordered by Elapsed Time
~~~~~~~~~~~~~~~~~~~~~~~~~~~
SQL Id        Elapsed Time (s)  Executions  Elap/Exec(ms)  %Total   Module
------------- ----------------- ---------- -------------- -------  ------------------
8f7a1xk3d9abc             3,354 252,720,000           0.01    13.0  OrderService
b9d2k3l4m5xyz             2,580 194,400,000           0.01    10.0  OrderService
c7k9d2l8p3abc             1,548 116,640,000           0.01     6.0  CheckoutService
d4n7s1v2q8mno             1,032 77,760,000           0.01     4.0  PaymentService

Transactions and Redo
~~~~~~~~~~~~~~~~~~~~~
User commits:                          1,789,200
User rollbacks:                          10,800
Transactions/sec:                         500.0
Redo generated per sec:                   198.0 MB

Anomaly Flags
~~~~~~~~~~~~~
- adg_transport_lag

End of Report