WORKLOAD REPOSITORY report for

DB Name          DB Id        Instance         Inst num Startup Time       Release      RAC
IOPRD            1182736402   ioprd1           1        20-Feb-26 16:00    19.19.0.0.0  NO

Host Name        Platform                 CPUs   Cores  Sockets  Memory (GB)
ioprd-db01       Linux x86 64-bit         16     8      1        64.00

Snap Id            Snap Time              Sessions   Cursors/Session   CDB
Begin Snap: 1316   01-Mar-26 16:00:00     612        6.8               YES
End Snap:   1317   01-Mar-26 17:00:00     618        7.0               YES
Elapsed:     60.00 (mins)
DB Time:    300.00 (mins)

Report Summary

Load Profile

Per Second       Per Transaction  Per Exec     Per Call
DB Time (s):             5                0.0              0.00         0.01
DB CPU (s):              2.1              0.0              0.00         0.00
Background CPU (s):      0.1              0.0              0.00         0.00
Redo size (bytes):       5,100,000        39,230.8
Logical read (blocks):   41,000           315.4
Block changes:           2,600            20
Physical read (blocks):  310              2.4
Physical write (blocks): 140              1.1
Read IO requests:        96               0.7
Write IO requests:       54               0.4
Read IO (MB):            5.1              0.0
Write IO (MB):           2.1              0.0
User calls:              620              4.8
Parses (SQL):            560              4.3
Hard parses (SQL):       0.6              0.0
SQL Work Area (MB):      13               0.1
Logons:                  0.1              0.0
Executes (SQL):          3,600            27.7
Rollbacks:               0.3              0.0
Transactions:            130

Instance Efficiency Percentages (Target 100%)

Buffer Nowait %:       99.70    Redo NoWait %:         100.00
Buffer Hit %:          98.30    In-memory Sort %:      99.60
Library Hit %:         99.00    Soft Parse %:          99.20
Execute to Parse %:    83.40    Latch Hit %:           99.00
Parse CPU to Parse Elapsd %:  84.00    % Non-Parse CPU:     99.40
Flash Cache Hit %:     0.00

Top 10 Foreground Events by Total Wait Time
Event                                      Waits     Total Wait Time (sec) Wait Avg(ms) % DB time Wait Class
DB CPU                                     7.6K       42.0
db file sequential read                    190,000    5011.2                 7.80         27.8       User I/O
db file scattered read                     54,000     1879.2                 10.20        10.4       User I/O
read by other session                      24,000     939.6                  3.20         5.2        User I/O
direct path read temp                      7,000      730.8                  9.60         4.1        User I/O
log file sync                              51,000     417.6                  1.80         2.3        Commit
db file parallel write                     22,000     313.2                  2.20         1.7        System I/O

Wait Classes by Total Wait Time

Wait Class                                Waits     Total Wait Time (sec) Avg Wait (ms) % DB time Avg Active Sessions
DB CPU                                     7,560      7560.0                                42.0       2.1
User I/O                                   275,000    8561                   31.13          47.6       2.4
Commit                                     51,000     418                    8.19           2.3        0.1
System I/O                                 22,000     313                    14.24          1.7        0.1

Host CPU
CPUs  Cores  Sockets  Load Average Begin  Load Average End  %User  %System  %WIO  %Idle
16    8      1        2.00                3.60              21.0   7.0      9.0   63.0

Instance CPU
%Total CPU  %Busy CPU  %DB time waiting for CPU (Resource Manager)
28.0        37.0       17.1

IO Profile
Read+Write Per Second  Read per Second  Write Per Second
Total Requests:        150.0            96.0             54.0
Database Requests:     150.0            96.0             54.0
Redo Requests:         123.5            0.0              123.5
Total (MB):            7.2              5.1              2.1
Database (MB):         7.2              5.1              2.1
Redo (MB):             4.9              0.0              4.9
Database (blocks):     450.0            310.0            140.0

Memory Statistics
                                   Begin           End
Host Mem (MB):         65,536         65,536
SGA use (MB):          16,384         16,384
PGA use (MB):          1,900          2,100
% Host Mem used for SGA+PGA:   27.90        28.20

Cache Sizes

                                   Begin           End
Buffer Cache:      12,288M        12,288M        Std Block Size:    8K
Shared Pool Size:  4,608M         4,608M         Log Buffer:        262,144K
In-Memory Area:    0M             0M

Shared Pool Statistics

                                   Begin           End
Memory Usage %:        35.80        36.40
% SQL with executions>1:     98.10        98.60
% Memory for SQL w/exec>1:     96.90        97.25

Main Report
  * Report Summary
  * Wait Events Statistics
  * SQL Statistics
  * Instance Activity Statistics
  * IO Stats
  * Advisory Statistics
  * Replication Statistics (GoldenGate, XStream, Data Guard)

Back to Top

Wait Events Statistics

Time Model Statistics

  * DB Time represents total time in user calls
  * DB CPU represents CPU time of foreground processes
  * Total CPU Time represents foreground and background processes
  * Ordered by % of DB time in descending order, followed by Statistic Name
Statistic Name                              Time (s)  % of DB Time  % of Total CPU Time
sql execute elapsed time                   17,460       97.00
DB CPU                                     7,560        42.00          94.03
parse time elapsed                         270          1.50
PL/SQL execution elapsed time              1,620        4.00
hard parse elapsed time                    36           0.20
DB time                                    18,000       0.00
background elapsed time                    540          0.00
background cpu time                        270          0.00
total CPU time                             7,830        0.00

Back to Top

Operating System Statistics

Statistic                              Value            End Value
BUSY_TIME                            2,131,200
IDLE_TIME                            3,628,800
IOWAIT_TIME                          518,400
SYS_TIME                             403,200
USER_TIME                            1,209,600
LOAD                                 3.60             3.60
RSRC_MGR_CPU_WAIT_TIME               180
PHYSICAL_MEMORY_BYTES                68,719,476,736
NUM_CPUS                             16
NUM_CPU_CORES                        8
NUM_CPU_SOCKETS                      1

Back to Top

Foreground Wait Class

  * Captured Time accounts for 96.8% of Total DB time 18000.00 (s)
  * Total FG Wait Time: 10440.00 (s)   DB CPU time: 7560.00 (s)
Wait Class                                Waits   %Time-outs Total Wait Time (s) Avg wait (ms) %DB time
DB CPU                                     7,560                  7560                              42.00
User I/O                                   275,000   0            8561               31.13          47.56
Commit                                     51,000    0            418                8.19           2.32
System I/O                                 22,000    0            313                14.24          1.74

Back to Top

Foreground Wait Events

Event                                      Waits   %Time-outs Total Wait Time (s) Avg wait (ms) Waits /txn % DB time
db file sequential read                    190,000   0            5011               7.80           0.41       27.84
db file scattered read                     54,000    0            1879               10.20          0.12       10.44
read by other session                      24,000    0            940                3.20           0.05       5.22
direct path read temp                      7,000     0            731                9.60           0.01       4.06
log file sync                              51,000    0            418                1.80           0.11       2.32
db file parallel write                     22,000    0            313                2.20           0.05       1.74

Back to Top

Background Wait Events

Event                                      Waits   %Time-outs Total Wait Time (s) Avg wait (ms) Waits /txn % bg time
db file parallel write                     94,000    0            160                1.70           0.20       31.00
log file parallel write                    84,000    0            60                 0.72           0.18       9.00
control file sequential read               12,000    0            9                  0.65           0.03       1.20

Back to Top

SQL Statistics

  * SQL ordered by Elapsed Time
  * SQL ordered by CPU Time
  * SQL ordered by User I/O Wait Time

Back to Top

SQL ordered by Elapsed Time

  * Resources reported for PL/SQL code includes the resources used by all SQL statements called by the code.
  * Captured SQL account for 46.2% of Total DB Time (s): 18000
Elapsed Time (s)  Executions  Elapsed Time per Exec (s)  %Total  %CPU  %IO  SQL Id        SQL Module           PDB Name  SQL Text
3,794.40         2,428       1.56                        21.08   31.00  54.00 a7ubm2trguf95 APPMOD_IO_1          APPPDB1  SELECT /* io_probe */ order_id, status, ship_date FROM ord...
2,448            1,214       2.02                        13.60   24.00  58.00 59k755p2ph31u APPMOD_IO_2          APPPDB1  SELECT /* range_scan */ * FROM event_log WHERE account_id ...
1,346.40         809         1.66                        7.48    20.00  49.00 f74fbcf4hz0b3 APPMOD_IO_3          APPPDB1  SELECT /* fullscan */ COUNT(*) FROM audit_trail WHERE crea...
734.40           607         1.21                        4.08    18.00  41.00 hd7dcz1gb0rph APPMOD_IO_4          APPPDB1  SELECT /* io_probe */ order_id, status, ship_date FROM ord...


SQL ordered by CPU Time

  * Resources reported for PL/SQL code includes the resources used by all SQL statements called by the code.
  * Captured SQL account for 12.0% of Total DB CPU (s): 7560
Elapsed Time (s)  Executions  Elapsed Time per Exec (s)  %Total  %CPU  %IO  SQL Id        SQL Module           PDB Name  SQL Text
3,794.40         2,428       1.56                        21.08   31.00  54.00 a7ubm2trguf95 APPMOD_IO_1          APPPDB1  SELECT /* io_probe */ order_id, status, ship_date FROM ord...
2,448            1,214       2.02                        13.60   24.00  58.00 59k755p2ph31u APPMOD_IO_2          APPPDB1  SELECT /* range_scan */ * FROM event_log WHERE account_id ...
1,346.40         809         1.66                        7.48    20.00  49.00 f74fbcf4hz0b3 APPMOD_IO_3          APPPDB1  SELECT /* fullscan */ COUNT(*) FROM audit_trail WHERE crea...
734.40           607         1.21                        4.08    18.00  41.00 hd7dcz1gb0rph APPMOD_IO_4          APPPDB1  SELECT /* io_probe */ order_id, status, ship_date FROM ord...


SQL ordered by User I/O Wait Time

  * Resources reported for PL/SQL code includes the resources used by all SQL statements called by the code.
  * Captured SQL account for 24.6% of Total User I/O Wait Time (s): 8874
Elapsed Time (s)  Executions  Elapsed Time per Exec (s)  %Total  %CPU  %IO  SQL Id        SQL Module           PDB Name  SQL Text
3,794.40         2,428       1.56                        21.08   31.00  54.00 a7ubm2trguf95 APPMOD_IO_1          APPPDB1  SELECT /* io_probe */ order_id, status, ship_date FROM ord...
2,448            1,214       2.02                        13.60   24.00  58.00 59k755p2ph31u APPMOD_IO_2          APPPDB1  SELECT /* range_scan */ * FROM event_log WHERE account_id ...
1,346.40         809         1.66                        7.48    20.00  49.00 f74fbcf4hz0b3 APPMOD_IO_3          APPPDB1  SELECT /* fullscan */ COUNT(*) FROM audit_trail WHERE crea...
734.40           607         1.21                        4.08    18.00  41.00 hd7dcz1gb0rph APPMOD_IO_4          APPPDB1  SELECT /* io_probe */ order_id, status, ship_date FROM ord...


Back to Top

Instance Activity Statistics

  * Key Instance Activity Stats
  * Instance Activity Stats

Back to Top

Key Instance Activity Stats

Statistic                                Total              per Second     per Trans
db block changes                         9,360,000          2,600          20
execute count                            12,960,000         3,600          27.69
logons cumulative                        540                0.15           0.00
opened cursors cumulative                13,608,000         3,780          29.08
parse count (total)                      2,016,000          560            4.31
parse time elapsed                       270                0.07           0.00
physical reads                           1,116,000          310            2.38
physical writes                          504,000            140            1.08
redo size                                18,360,000,000     5,100,000      39,230.77
session logical reads                    147,600,000        41,000         315.38
user calls                               2,232,000          620            4.77
user commits                             468,000            130            1
user rollbacks                           1,080              0.30           0.00
workarea executions - onepass            0                  0              0
workarea executions - multipass          0                  0              0
workarea executions - optimal            4,536,000          1,260          9.69

Instance Activity Stats

Statistic                                Total              per Second     per Trans
CPU used by this session                 756,000            210            1.62
CR blocks created                        32,472,000         9,020          69.38
Commit SCN cached                        982,800            273            2.10
DBWR checkpoint buffers written          473,760            131.60         1.01
gc cr blocks received                    0                  0              0
gc current blocks received               0                  0              0
gc messages sent                         0                  0              0

Back to Top

Advisory Statistics

  * PGA Aggr Summary
  * PGA Aggr Target Stats
  * PGA Memory Advisory
  * Shared Pool Advisory
  * SGA Target Advisory

Back to Top

PGA Aggr Summary

PGA Cache Hit %  W/A MB Processed  Extra W/A MB Read/Written
99.80           88,920         120

PGA Aggr Target Stats

PGA Aggr Target(M)  Auto PGA Target(M)  PGA Mem Alloc(M)  W/A PGA Used(M)  %PGA W/A Mem  %Auto W/A Mem  %Man W/A Mem  Global Mem Bound(K)
B  6,720              5,241                1,900            12              0.55           100.00           0.00           1,048,576
E  6,720              5,107                2,100            14              0.60           100.00           0.00           1,048,576

PGA Memory Advisory

PGA Target Est (MB)  Size Factr  W/A MB Processed  Estd Extra W/A MB Read/Written to Disk  Estd PGA Cache Hit %  Estd PGA Overalloc Count  Estd Time
1,792              0.25        88,920             216                                    99.65                  0                          20,700
3,328              0.50        88,920             216                                    99.70                  0                          20,700
5,120              0.75        88,920             216                                    99.75                  0                          20,700
6,656              1.00        88,920             120                                    99.80                  0                          18,000
8,448              1.25        88,920             78.53                                  99.85                  0                          17,865
9,984              1.50        88,920             55.54                                  99.90                  0                          17,730
13,312             2.00        88,920             32.15                                  100.00                 0                          17,460

Shared Pool Advisory

Shared Pool Size(M)  SP Size Factr  Est LC Size (M)  Est LC Mem Obj  Est LC Time Saved (s)  Est LC Time Saved Factr  Est LC Load Time (s)  Est LC Load Time Factr
2,304               0.50           1,133             46,000           15,839                  0.86                      64,800                 3.80
3,456               0.75           1,640             56,500           16,379                  0.91                      43,200                 2.53
4,608               1.00           2,147             67,000           16,920                  0.95                      32,400                 1.90
5,760               1.25           2,654             77,500           17,460                  0.99                      25,920                 1.52
6,912               1.50           3,161             88,000           18,000                  1.04                      21,600                 1.27

SGA Target Advisory
SGA Target Size (M)  SGA Size Factor  Est DB Time (s)  Est Physical Reads
8,192               0.50              24,300            1,618,200
12,288              0.75              24,300            1,618,200
16,384              1.00              18,000            1,116,000
20,480              1.25              17,280            1,060,200
24,576              1.50              16,560            1,004,400
32,768              2.00              15,120            892,800

Back to Top

Replication Statistics (GoldenGate, XStream, Data Guard)

No significant replication activity captured in this snapshot interval.

Back to Top
