WORKLOAD REPOSITORY report for

DB Name          DB Id        Instance         Inst num Startup Time       Release      RAC
MEMPRD           1182736403   memprd1          1        20-Feb-26 22:00    19.19.0.0.0  NO

Host Name        Platform                 CPUs   Cores  Sockets  Memory (GB)
memprd-db01      Linux x86 64-bit         16     8      1        64.00

Snap Id            Snap Time              Sessions   Cursors/Session   CDB
Begin Snap: 1322   01-Mar-26 22:00:00     612        6.8               YES
End Snap:   1323   01-Mar-26 23:00:00     618        7.0               YES
Elapsed:     60.00 (mins)
DB Time:    330.00 (mins)

Report Summary

Load Profile

Per Second       Per Transaction  Per Exec     Per Call
DB Time (s):             5.5              0.0              0.00         0.01
DB CPU (s):              2.1              0.0              0.00         0.00
Background CPU (s):      0.1              0.0              0.00         0.00
Redo size (bytes):       4,800,000        40,000
Logical read (blocks):   52,000           433.3
Block changes:           2,800            23.3
Physical read (blocks):  180              1.5
Physical write (blocks): 160              1.3
Read IO requests:        74               0.6
Write IO requests:       48               0.4
Read IO (MB):            2.9              0.0
Write IO (MB):           1.9              0.0
User calls:              550              4.6
Parses (SQL):            620              5.2
Hard parses (SQL):       0.7              0.0
SQL Work Area (MB):      34               0.3
Logons:                  0.1              0.0
Executes (SQL):          3,100            25.8
Rollbacks:               0.2              0.0
Transactions:            120

Instance Efficiency Percentages (Target 100%)

Buffer Nowait %:       99.70    Redo NoWait %:         100.00
Buffer Hit %:          97.20    In-memory Sort %:      93.50
Library Hit %:         98.60    Soft Parse %:          99.00
Execute to Parse %:    77.20    Latch Hit %:           99.10
Parse CPU to Parse Elapsd %:  82.00    % Non-Parse CPU:     99.40
Flash Cache Hit %:     0.00

Top 10 Foreground Events by Total Wait Time
Event                                      Waits     Total Wait Time (sec) Wait Avg(ms) % DB time Wait Class
DB CPU                                     7.5K       38.0
direct path read temp                      21,000     3437.3                 10.30        17.4       User I/O
direct path write temp                     18,000     2209.7                 8.80         11.2       User I/O
db file sequential read                    58,000     1473.1                 2.70         7.4        User I/O
free buffer waits                          4,000      1227.6                 5.10         6.2        Configuratio
latch: shared pool                         3,000      859.3                  3.00         4.3        Concurrency
log file sync                              42,000     491.0                  1.40         2.5        Commit

Wait Classes by Total Wait Time

Wait Class                                Waits     Total Wait Time (sec) Avg Wait (ms) % DB time Avg Active Sessions
DB CPU                                     7,524      7524.0                                38.0       2.1
User I/O                                   97,000     7120                   73.40          36.0       2.0
Configuration                              4,000      1228                   306.90         6.2        0.3
Concurrency                                3,000      859                    286.44         4.3        0.2
Commit                                     42,000     491                    11.69          2.5        0.1

Host CPU
CPUs  Cores  Sockets  Load Average Begin  Load Average End  %User  %System  %WIO  %Idle
16    8      1        2.00                3.40              22.0   6.0      8.0   64.0

Instance CPU
%Total CPU  %Busy CPU  %DB time waiting for CPU (Resource Manager)
28.0        36.0       15.1

IO Profile
Read+Write Per Second  Read per Second  Write Per Second
Total Requests:        122.0            74.0             48.0
Database Requests:     122.0            74.0             48.0
Redo Requests:         114.0            0.0              114.0
Total (MB):            4.8              2.9              1.9
Database (MB):         4.8              2.9              1.9
Redo (MB):             4.6              0.0              4.6
Database (blocks):     340.0            180.0            160.0

Memory Statistics
                                   Begin           End
Host Mem (MB):         65,536         65,536
SGA use (MB):          12,288         12,288
PGA use (MB):          2,800          3,620
% Host Mem used for SGA+PGA:   23.02        24.27

Cache Sizes

                                   Begin           End
Buffer Cache:      9,216M         9,216M         Std Block Size:    8K
Shared Pool Size:  4,608M         4,608M         Log Buffer:        262,144K
In-Memory Area:    0M             0M

Shared Pool Statistics

                                   Begin           End
Memory Usage %:        46.20        49.80
% SQL with executions>1:     98.10        98.60
% Memory for SQL w/exec>1:     96.90        97.25

Main Report
  * Report Summary
  * Wait Events Statistics
  * SQL Statistics
  * Instance Activity Statistics
  * IO Stats
  * Advisory Statistics
  * Replication Statistics (GoldenGate, XStream, Data Guard)

Back to Top

Wait Events Statistics

Time Model Statistics

  * DB Time represents total time in user calls
  * DB CPU represents CPU time of foreground processes
  * Total CPU Time represents foreground and background processes
  * Ordered by % of DB time in descending order, followed by Statistic Name
Statistic Name                              Time (s)  % of DB Time  % of Total CPU Time
sql execute elapsed time                   19,206       97.00
DB CPU                                     7,524        38.00          94.00
parse time elapsed                         297          1.50
PL/SQL execution elapsed time              1,782        4.00
hard parse elapsed time                    39.60        0.20
DB time                                    19,800       0.00
background elapsed time                    594          0.00
background cpu time                        297          0.00
total CPU time                             7,821        0.00

Back to Top

Operating System Statistics

Statistic                              Value            End Value
BUSY_TIME                            2,073,600
IDLE_TIME                            3,686,400
IOWAIT_TIME                          460,800
SYS_TIME                             345,600
USER_TIME                            1,267,200
LOAD                                 3.40             3.40
RSRC_MGR_CPU_WAIT_TIME               198
PHYSICAL_MEMORY_BYTES                68,719,476,736
NUM_CPUS                             16
NUM_CPU_CORES                        8
NUM_CPU_SOCKETS                      1

Back to Top

Foreground Wait Class

  * Captured Time accounts for 96.8% of Total DB time 19800.00 (s)
  * Total FG Wait Time: 12276.00 (s)   DB CPU time: 7524.00 (s)
Wait Class                                Waits   %Time-outs Total Wait Time (s) Avg wait (ms) %DB time
DB CPU                                     7,524                  7524                              38.00
User I/O                                   97,000    0            7120               73.40          35.96
Configuration                              4,000     0            1228               306.90         6.20
Concurrency                                3,000     0            859                286.44         4.34
Commit                                     42,000    0            491                11.69          2.48

Back to Top

Foreground Wait Events

Event                                      Waits   %Time-outs Total Wait Time (s) Avg wait (ms) Waits /txn % DB time
direct path read temp                      21,000    0            3437               10.30          0.05       17.36
direct path write temp                     18,000    0            2210               8.80           0.04       11.16
db file sequential read                    58,000    0            1473               2.70           0.13       7.44
free buffer waits                          4,000     0            1228               5.10           0.01       6.20
latch: shared pool                         3,000     0            859                3.00           0.01       4.34
log file sync                              42,000    0            491                1.40           0.10       2.48

Back to Top

Background Wait Events

Event                                      Waits   %Time-outs Total Wait Time (s) Avg wait (ms) Waits /txn % bg time
db file parallel write                     82,000    0            74                 0.90           0.19       20.00
log file parallel write                    76,000    0            42                 0.55           0.18       7.80
rdbms ipc reply                            12,000    0            7                  0.35           0.03       1.30

Back to Top

SQL Statistics

  * SQL ordered by Elapsed Time
  * SQL ordered by CPU Time
  * SQL ordered by User I/O Wait Time

Back to Top

SQL ordered by Elapsed Time

  * Resources reported for PL/SQL code includes the resources used by all SQL statements called by the code.
  * Captured SQL account for 41.6% of Total DB Time (s): 19800
Elapsed Time (s)  Executions  Elapsed Time per Exec (s)  %Total  %CPU  %IO  SQL Id        SQL Module           PDB Name  SQL Text
3,528.36         2,000       1.76                        17.82   22.00  55.00 h4yqm7tjkaj0h APPMOD_MEMORY_1      APPPDB1  SELECT /* spill_sort */ customer_id, SUM(amount) FROM invo...
2,482.92         1,000       2.48                        12.54   18.00  64.00 ztsu3b73f8mct APPMOD_MEMORY_2      APPPDB1  SELECT /* spill_hash */ p.prod_category, COUNT(*) FROM sal...
1,306.80         666         1.96                        6.60    26.00  47.00 jtv8gsssjjrnv APPMOD_MEMORY_3      APPPDB1  BEGIN report_pkg.month_close(:B1,:B2); END;
914.76           500         1.83                        4.62    30.00  40.00 m8vx7p4bg0m9u APPMOD_MEMORY_4      APPPDB1  SELECT /* spill_sort */ customer_id, SUM(amount) FROM invo...


SQL ordered by CPU Time

  * Resources reported for PL/SQL code includes the resources used by all SQL statements called by the code.
  * Captured SQL account for 9.3% of Total DB CPU (s): 7524
Elapsed Time (s)  Executions  Elapsed Time per Exec (s)  %Total  %CPU  %IO  SQL Id        SQL Module           PDB Name  SQL Text
3,528.36         2,000       1.76                        17.82   22.00  55.00 h4yqm7tjkaj0h APPMOD_MEMORY_1      APPPDB1  SELECT /* spill_sort */ customer_id, SUM(amount) FROM invo...
2,482.92         1,000       2.48                        12.54   18.00  64.00 ztsu3b73f8mct APPMOD_MEMORY_2      APPPDB1  SELECT /* spill_hash */ p.prod_category, COUNT(*) FROM sal...
1,306.80         666         1.96                        6.60    26.00  47.00 jtv8gsssjjrnv APPMOD_MEMORY_3      APPPDB1  BEGIN report_pkg.month_close(:B1,:B2); END;
914.76           500         1.83                        4.62    30.00  40.00 m8vx7p4bg0m9u APPMOD_MEMORY_4      APPPDB1  SELECT /* spill_sort */ customer_id, SUM(amount) FROM invo...


SQL ordered by User I/O Wait Time

  * Resources reported for PL/SQL code includes the resources used by all SQL statements called by the code.
  * Captured SQL account for 22.8% of Total User I/O Wait Time (s): 7120
Elapsed Time (s)  Executions  Elapsed Time per Exec (s)  %Total  %CPU  %IO  SQL Id        SQL Module           PDB Name  SQL Text
3,528.36         2,000       1.76                        17.82   22.00  55.00 h4yqm7tjkaj0h APPMOD_MEMORY_1      APPPDB1  SELECT /* spill_sort */ customer_id, SUM(amount) FROM invo...
2,482.92         1,000       2.48                        12.54   18.00  64.00 ztsu3b73f8mct APPMOD_MEMORY_2      APPPDB1  SELECT /* spill_hash */ p.prod_category, COUNT(*) FROM sal...
1,306.80         666         1.96                        6.60    26.00  47.00 jtv8gsssjjrnv APPMOD_MEMORY_3      APPPDB1  BEGIN report_pkg.month_close(:B1,:B2); END;
914.76           500         1.83                        4.62    30.00  40.00 m8vx7p4bg0m9u APPMOD_MEMORY_4      APPPDB1  SELECT /* spill_sort */ customer_id, SUM(amount) FROM invo...


Back to Top

Instance Activity Statistics

  * Key Instance Activity Stats
  * Instance Activity Stats

Back to Top

Key Instance Activity Stats

Statistic                                Total              per Second     per Trans
db block changes                         10,080,000         2,800          23.33
execute count                            11,160,000         3,100          25.83
logons cumulative                        432                0.12           0.00
opened cursors cumulative                11,718,000         3,255          27.12
parse count (total)                      2,232,000          620            5.17
parse time elapsed                       297                0.08           0.00
physical reads                           648,000            180            1.50
physical writes                          576,000            160            1.33
redo size                                17,280,000,000     4,800,000      40,000
session logical reads                    187,200,000        52,000         433.33
user calls                               1,980,000          550            4.58
user commits                             432,000            120            1
user rollbacks                           864                0.24           0.00
workarea executions - onepass            420                0.12           0.00
workarea executions - multipass          38                 0.01           0.00
workarea executions - optimal            3,905,999          1,085          9.04

Instance Activity Stats

Statistic                                Total              per Second     per Trans
CPU used by this session                 752,400            209            1.74
CR blocks created                        41,184,000         11,440         95.33
Commit SCN cached                        907,200            252            2.10
DBWR checkpoint buffers written          541,440            150.40         1.25
gc cr blocks received                    0                  0              0
gc current blocks received               0                  0              0
gc messages sent                         0                  0              0

Back to Top

Advisory Statistics

  * PGA Aggr Summary
  * PGA Aggr Target Stats
  * PGA Memory Advisory
  * Shared Pool Advisory
  * SGA Target Advisory

Back to Top

PGA Aggr Summary

PGA Cache Hit %  W/A MB Processed  Extra W/A MB Read/Written
94.20           550,800         18,500

PGA Aggr Target Stats

PGA Aggr Target(M)  Auto PGA Target(M)  PGA Mem Alloc(M)  W/A PGA Used(M)  %PGA W/A Mem  %Auto W/A Mem  %Man W/A Mem  Global Mem Bound(K)
B  11,584             9,035                2,800            88              3.20           100.00           0.00           131,072
E  11,584             8,803                3,620            122             4.10           100.00           0.00           131,072

PGA Memory Advisory

PGA Target Est (MB)  Size Factr  W/A MB Processed  Estd Extra W/A MB Read/Written to Disk  Estd PGA Cache Hit %  Estd PGA Overalloc Count  Estd Time
2,816              0.25        550,800            33,300                                 85.20                  4                          22,770
5,888              0.50        550,800            33,300                                 88.20                  4                          22,770
8,704              0.75        550,800            33,300                                 91.20                  4                          22,770
11,520             1.00        550,800            18,500                                 94.20                  4                          19,800
14,592             1.25        550,800            12,107.17                              97.20                  2                          19,651
17,408             1.50        550,800            8,562.46                               100.00                 1                          19,503
23,040             2.00        550,800            4,956.95                               100.00                 1                          19,206

Shared Pool Advisory

Shared Pool Size(M)  SP Size Factr  Est LC Size (M)  Est LC Mem Obj  Est LC Time Saved (s)  Est LC Time Saved Factr  Est LC Load Time (s)  Est LC Load Time Factr
2,304               0.50           1,133             46,000           17,423                  0.86                      71,280                 3.80
3,456               0.75           1,640             56,500           18,018                  0.91                      47,520                 2.53
4,608               1.00           2,147             67,000           18,612                  0.95                      35,640                 1.90
5,760               1.25           2,654             77,500           19,206                  0.99                      28,512                 1.52
6,912               1.50           3,161             88,000           19,800                  1.04                      23,760                 1.27

SGA Target Advisory
SGA Target Size (M)  SGA Size Factor  Est DB Time (s)  Est Physical Reads
6,144               0.50              26,730            939,600
9,216               0.75              26,730            939,600
12,288              1.00              19,800            648,000
15,360              1.25              19,008            615,600
18,432              1.50              18,216            583,200
24,576              2.00              16,632            518,400

Back to Top

Replication Statistics (GoldenGate, XStream, Data Guard)

No significant replication activity captured in this snapshot interval.

Back to Top
