WORKLOAD REPOSITORY report for

DB Name          DB Id        Instance         Inst num Startup Time       Release      RAC
RACPRD           1182736405   racprd1          1        21-Feb-26 10:00    19.19.0.0.0  YES

Host Name        Platform                 CPUs   Cores  Sockets  Memory (GB)
racprd-db01      Linux x86 64-bit         16     8      1        64.00

Snap Id            Snap Time              Sessions   Cursors/Session   CDB
Begin Snap: 1410   02-Mar-26 10:00:00     612        6.8               YES
End Snap:   1411   02-Mar-26 11:00:00     618        7.0               YES
Elapsed:     60.00 (mins)
DB Time:    390.00 (mins)

Report Summary

Load Profile

Per Second       Per Transaction  Per Exec     Per Call
DB Time (s):             6.5              0.1              0.00         0.01
DB CPU (s):              2.3              0.0              0.00         0.00
Background CPU (s):      0.1              0.0              0.00         0.00
Redo size (bytes):       7,500,000        62,500
Logical read (blocks):   62,000           516.7
Block changes:           4,800            40
Physical read (blocks):  92               0.8
Physical write (blocks): 170              1.4
Read IO requests:        34               0.3
Write IO requests:       52               0.4
Read IO (MB):            1.4              0.0
Write IO (MB):           2.3              0.0
User calls:              620              5.2
Parses (SQL):            680              5.7
Hard parses (SQL):       0.7              0.0
SQL Work Area (MB):      6                0.1
Logons:                  0.1              0.0
Executes (SQL):          3,500            29.2
Rollbacks:               0.2              0.0
Transactions:            120

Instance Efficiency Percentages (Target 100%)

Buffer Nowait %:       99.70    Redo NoWait %:         100.00
Buffer Hit %:          99.20    In-memory Sort %:      99.50
Library Hit %:         99.00    Soft Parse %:          99.00
Execute to Parse %:    82.00    Latch Hit %:           99.10
Parse CPU to Parse Elapsd %:  84.00    % Non-Parse CPU:     99.40
Flash Cache Hit %:     0.00

Top 10 Foreground Events by Total Wait Time
Event                                      Waits     Total Wait Time (sec) Wait Avg(ms) % DB time Wait Class
DB CPU                                     8.4K       36.0
gc cr request                              120,000    3444.5                 3.40         14.7       Cluster
gc current block busy                      46,000     2845.4                 5.20         12.2       Cluster
gc buffer busy acquire                     32,000     2246.4                 4.30         9.6        Cluster
ges message buffer allocation              10,000     748.8                  2.20         3.2        Cluster
db file sequential read                    18,000     748.8                  1.00         3.2        User I/O
log file sync                              28,000     449.3                  1.30         1.9        Commit

Wait Classes by Total Wait Time

Wait Class                                Waits     Total Wait Time (sec) Avg Wait (ms) % DB time Avg Active Sessions
DB CPU                                     8,424      8424.0                                36.0       2.3
Cluster                                    208,000    9285                   44.64          39.7       2.6
User I/O                                   18,000     749                    41.60          3.2        0.2
Commit                                     28,000     449                    16.05          1.9        0.1

Host CPU
CPUs  Cores  Sockets  Load Average Begin  Load Average End  %User  %System  %WIO  %Idle
16    8      1        2.80                5.10              24.0   8.0      2.0   66.0

Instance CPU
%Total CPU  %Busy CPU  %DB time waiting for CPU (Resource Manager)
32.0        34.0       11.2

IO Profile
Read+Write Per Second  Read per Second  Write Per Second
Total Requests:        86.0             34.0             52.0
Database Requests:     86.0             34.0             52.0
Redo Requests:         114.0            0.0              114.0
Total (MB):            3.7              1.4              2.3
Database (MB):         3.7              1.4              2.3
Redo (MB):             7.2              0.0              7.2
Database (blocks):     262.0            92.0             170.0

Memory Statistics
                                   Begin           End
Host Mem (MB):         65,536         65,536
SGA use (MB):          20,480         20,480
PGA use (MB):          2,400          2,680
% Host Mem used for SGA+PGA:   34.91        35.34

Cache Sizes

                                   Begin           End
Buffer Cache:      14,336M        14,336M        Std Block Size:    8K
Shared Pool Size:  6,144M         6,144M         Log Buffer:        262,144K
In-Memory Area:    0M             0M

Shared Pool Statistics

                                   Begin           End
Memory Usage %:        40.40        41.20
% SQL with executions>1:     98.10        98.60
% Memory for SQL w/exec>1:     96.90        97.25

Main Report
  * Report Summary
  * Wait Events Statistics
  * SQL Statistics
  * Instance Activity Statistics
  * IO Stats
  * Advisory Statistics
  * Replication Statistics (GoldenGate, XStream, Data Guard)

Back to Top

Wait Events Statistics

Time Model Statistics

  * DB Time represents total time in user calls
  * DB CPU represents CPU time of foreground processes
  * Total CPU Time represents foreground and background processes
  * Ordered by % of DB time in descending order, followed by Statistic Name
Statistic Name                              Time (s)  % of DB Time  % of Total CPU Time
sql execute elapsed time                   22,698       97.00
DB CPU                                     8,424        36.00          94.61
parse time elapsed                         351          1.50
PL/SQL execution elapsed time              2,106        4.00
hard parse elapsed time                    46.80        0.20
DB time                                    23,400       0.00
background elapsed time                    702          0.00
background cpu time                        351          0.00
total CPU time                             8,775        0.00

Back to Top

Operating System Statistics

Statistic                              Value            End Value
BUSY_TIME                            1,958,400
IDLE_TIME                            3,801,600
IOWAIT_TIME                          115,200
SYS_TIME                             460,800
USER_TIME                            1,382,400
LOAD                                 5.10             5.10
RSRC_MGR_CPU_WAIT_TIME               234
PHYSICAL_MEMORY_BYTES                68,719,476,736
NUM_CPUS                             16
NUM_CPU_CORES                        8
NUM_CPU_SOCKETS                      1

Back to Top

Foreground Wait Class

  * Captured Time accounts for 96.8% of Total DB time 23400.00 (s)
  * Total FG Wait Time: 14976.00 (s)   DB CPU time: 8424.00 (s)
Wait Class                                Waits   %Time-outs Total Wait Time (s) Avg wait (ms) %DB time
DB CPU                                     8,424                  8424                              36.00
Cluster                                    208,000   0            9285               44.64          39.68
User I/O                                   18,000    0            749                41.60          3.20
Commit                                     28,000    0            449                16.05          1.92

Back to Top

Foreground Wait Events

Event                                      Waits   %Time-outs Total Wait Time (s) Avg wait (ms) Waits /txn % DB time
gc cr request                              120,000   0            3444               3.40           0.28       14.72
gc current block busy                      46,000    0            2845               5.20           0.11       12.16
gc buffer busy acquire                     32,000    0            2246               4.30           0.07       9.60
ges message buffer allocation              10,000    0            749                2.20           0.02       3.20
db file sequential read                    18,000    0            749                1.00           0.04       3.20
log file sync                              28,000    0            449                1.30           0.06       1.92

Back to Top

Background Wait Events

Event                                      Waits   %Time-outs Total Wait Time (s) Avg wait (ms) Waits /txn % bg time
gcs log flush sync                         48,000    0            44                 0.92           0.11       16.50
ges enter server mode                      22,000    0            18                 0.64           0.05       6.10
log file parallel write                    62,000    0            22                 0.35           0.14       5.20

Back to Top

SQL Statistics

  * SQL ordered by Elapsed Time
  * SQL ordered by CPU Time
  * SQL ordered by User I/O Wait Time

Back to Top

SQL ordered by Elapsed Time

  * Resources reported for PL/SQL code includes the resources used by all SQL statements called by the code.
  * Captured SQL account for 41.0% of Total DB Time (s): 23400
Elapsed Time (s)  Executions  Elapsed Time per Exec (s)  %Total  %CPU  %IO  SQL Id        SQL Module           PDB Name  SQL Text
4,492.80         3,714       1.21                        19.20   23.00  8.00  zzpcpt1svf4q4 APPMOD_RAC_1         APPPDB1  UPDATE hot_account_balance SET balance = balance + :B1 WHE...
2,695.68         1,857       1.45                        11.52   18.00  6.00  sxvz27a46s95k APPMOD_RAC_2         APPPDB1  SELECT /* gc_hot */ current_balance FROM hot_account_balan...
1,347.84         1,238       1.09                        5.76    20.00  5.00  au94a6dguuf9p APPMOD_RAC_3         APPPDB1  BEGIN rac_hot_pkg.merge_counter(:B1,:B2); END;
1,048.32         928         1.13                        4.48    28.00  7.00  xy6061zncd9wu APPMOD_RAC_4         APPPDB1  UPDATE hot_account_balance SET balance = balance + :B1 WHE...


SQL ordered by CPU Time

  * Resources reported for PL/SQL code includes the resources used by all SQL statements called by the code.
  * Captured SQL account for 8.9% of Total DB CPU (s): 8424
Elapsed Time (s)  Executions  Elapsed Time per Exec (s)  %Total  %CPU  %IO  SQL Id        SQL Module           PDB Name  SQL Text
4,492.80         3,714       1.21                        19.20   23.00  8.00  zzpcpt1svf4q4 APPMOD_RAC_1         APPPDB1  UPDATE hot_account_balance SET balance = balance + :B1 WHE...
2,695.68         1,857       1.45                        11.52   18.00  6.00  sxvz27a46s95k APPMOD_RAC_2         APPPDB1  SELECT /* gc_hot */ current_balance FROM hot_account_balan...
1,048.32         928         1.13                        4.48    28.00  7.00  xy6061zncd9wu APPMOD_RAC_4         APPPDB1  UPDATE hot_account_balance SET balance = balance + :B1 WHE...
1,347.84         1,238       1.09                        5.76    20.00  5.00  au94a6dguuf9p APPMOD_RAC_3         APPPDB1  BEGIN rac_hot_pkg.merge_counter(:B1,:B2); END;


SQL ordered by User I/O Wait Time

  * Resources reported for PL/SQL code includes the resources used by all SQL statements called by the code.
  * Captured SQL account for 2.8% of Total User I/O Wait Time (s): 748
Elapsed Time (s)  Executions  Elapsed Time per Exec (s)  %Total  %CPU  %IO  SQL Id        SQL Module           PDB Name  SQL Text
4,492.80         3,714       1.21                        19.20   23.00  8.00  zzpcpt1svf4q4 APPMOD_RAC_1         APPPDB1  UPDATE hot_account_balance SET balance = balance + :B1 WHE...
2,695.68         1,857       1.45                        11.52   18.00  6.00  sxvz27a46s95k APPMOD_RAC_2         APPPDB1  SELECT /* gc_hot */ current_balance FROM hot_account_balan...
1,048.32         928         1.13                        4.48    28.00  7.00  xy6061zncd9wu APPMOD_RAC_4         APPPDB1  UPDATE hot_account_balance SET balance = balance + :B1 WHE...
1,347.84         1,238       1.09                        5.76    20.00  5.00  au94a6dguuf9p APPMOD_RAC_3         APPPDB1  BEGIN rac_hot_pkg.merge_counter(:B1,:B2); END;


Back to Top

Instance Activity Statistics

  * Key Instance Activity Stats
  * Instance Activity Stats

Back to Top

Key Instance Activity Stats

Statistic                                Total              per Second     per Trans
db block changes                         17,280,000         4,800          40
execute count                            12,600,000         3,500          29.17
logons cumulative                        360                0.10           0.00
opened cursors cumulative                13,230,000         3,675          30.62
parse count (total)                      2,448,000          680            5.67
parse time elapsed                       351                0.10           0.00
physical reads                           331,200            92             0.77
physical writes                          612,000            170            1.42
redo size                                27,000,000,000     7,500,000      62,500
session logical reads                    223,200,000        62,000         516.67
user calls                               2,232,000          620            5.17
user commits                             432,000            120            1
user rollbacks                           648                0.18           0.00
workarea executions - onepass            0                  0              0
workarea executions - multipass          0                  0              0
workarea executions - optimal            4,410,000          1,225          10.21

Instance Activity Stats

Statistic                                Total              per Second     per Trans
CPU used by this session                 842,400            234            1.95
CR blocks created                        49,104,000         13,640         113.67
Commit SCN cached                        907,200            252            2.10
DBWR checkpoint buffers written          575,280            159.80         1.33
gc cr blocks received                    120,000            33.33          0.28
gc current blocks received               78,000             21.67          0.18
gc messages sent                         277,200            77             0.64

Back to Top

Advisory Statistics

  * PGA Aggr Summary
  * PGA Aggr Target Stats
  * PGA Memory Advisory
  * Shared Pool Advisory
  * SGA Target Advisory

Back to Top

PGA Aggr Summary

PGA Cache Hit %  W/A MB Processed  Extra W/A MB Read/Written
99.80           41,040         120

PGA Aggr Target Stats

PGA Aggr Target(M)  Auto PGA Target(M)  PGA Mem Alloc(M)  W/A PGA Used(M)  %PGA W/A Mem  %Auto W/A Mem  %Man W/A Mem  Global Mem Bound(K)
B  8,576              6,689                2,400            12              0.55           100.00           0.00           1,048,576
E  8,576              6,517                2,680            14              0.60           100.00           0.00           1,048,576

PGA Memory Advisory

PGA Target Est (MB)  Size Factr  W/A MB Processed  Estd Extra W/A MB Read/Written to Disk  Estd PGA Cache Hit %  Estd PGA Overalloc Count  Estd Time
2,048              0.25        41,040             216                                    99.65                  0                          26,909
4,352              0.50        41,040             216                                    99.70                  0                          26,909
6,400              0.75        41,040             216                                    99.75                  0                          26,909
8,704              1.00        41,040             120                                    99.80                  0                          23,400
10,752             1.25        41,040             78.53                                  99.85                  0                          23,224
12,800             1.50        41,040             55.54                                  99.90                  0                          23,049
17,152             2.00        41,040             32.15                                  100.00                 0                          22,698

Shared Pool Advisory

Shared Pool Size(M)  SP Size Factr  Est LC Size (M)  Est LC Mem Obj  Est LC Time Saved (s)  Est LC Time Saved Factr  Est LC Load Time (s)  Est LC Load Time Factr
3,072               0.50           1,471             46,000           20,591                  0.86                      84,240                 3.80
4,608               0.75           2,147             56,500           21,293                  0.91                      56,160                 2.53
6,144               1.00           2,823             67,000           21,996                  0.95                      42,120                 1.90
7,680               1.25           3,499             77,500           22,698                  0.99                      33,696                 1.52
9,216               1.50           4,175             88,000           23,400                  1.04                      28,080                 1.27

SGA Target Advisory
SGA Target Size (M)  SGA Size Factor  Est DB Time (s)  Est Physical Reads
10,240              0.50              24,570            364,320
15,360              0.75              24,570            364,320
20,480              1.00              23,400            331,200
25,600              1.25              23,107            325,404
30,720              1.50              22,815            319,608
40,960              2.00              22,230            308,016

Back to Top

Replication Statistics (GoldenGate, XStream, Data Guard)

No significant replication activity captured in this snapshot interval.

Back to Top
