WORKLOAD REPOSITORY report for

DB Name          DB Id        Instance         Inst num Startup Time       Release      RAC
CMTPRD           1182736404   cmtprd1          1        21-Feb-26 04:00    19.19.0.0.0  NO

Host Name        Platform                 CPUs   Cores  Sockets  Memory (GB)
cmtprd-db01      Linux x86 64-bit         16     8      1        64.00

Snap Id            Snap Time              Sessions   Cursors/Session   CDB
Begin Snap: 1404   02-Mar-26 04:00:00     612        6.8               YES
End Snap:   1405   02-Mar-26 05:00:00     618        7.0               YES
Elapsed:     60.00 (mins)
DB Time:    360.00 (mins)

Report Summary

Load Profile

Per Second       Per Transaction  Per Exec     Per Call
DB Time (s):             6                0.0              0.00         0.01
DB CPU (s):              2.0              0.0              0.00         0.00
Background CPU (s):      0.1              0.0              0.00         0.00
Redo size (bytes):       16,500,000       51,562.5
Logical read (blocks):   42,000           131.2
Block changes:           11,800           36.9
Physical read (blocks):  24               0.1
Physical write (blocks): 310              1.0
Read IO requests:        12               0.0
Write IO requests:       118              0.4
Read IO (MB):            0.2              0.0
Write IO (MB):           5.7              0.0
User calls:              780              2.4
Parses (SQL):            740              2.3
Hard parses (SQL):       0.5              0.0
SQL Work Area (MB):      4                0.0
Logons:                  0.1              0.0
Executes (SQL):          5,200            16.2
Rollbacks:               0.5              0.0
Transactions:            320

Instance Efficiency Percentages (Target 100%)

Buffer Nowait %:       99.70    Redo NoWait %:         100.00
Buffer Hit %:          99.40    In-memory Sort %:      99.90
Library Hit %:         99.10    Soft Parse %:          99.50
Execute to Parse %:    85.20    Latch Hit %:           99.20
Parse CPU to Parse Elapsd %:  86.00    % Non-Parse CPU:     99.40
Flash Cache Hit %:     0.00

Top 10 Foreground Events by Total Wait Time
Event                                      Waits     Total Wait Time (sec) Wait Avg(ms) % DB time Wait Class
DB CPU                                     7.3K       34.0
log file sync                              360,000    7413.1                 4.20         34.3       Commit
log file switch completion                 4,400      1425.6                 14.20        6.6        Configuratio
latch: redo allocation                     64,000     997.9                  1.60         4.6        Other
latch: redo copy                           52,000     712.8                  1.10         3.3        Other
db file sequential read                    18,000     427.7                  0.80         2.0        User I/O
LGWR wait for redo copy                    22,000     427.7                  0.90         2.0        System I/O

Wait Classes by Total Wait Time

Wait Class                                Waits     Total Wait Time (sec) Avg Wait (ms) % DB time Avg Active Sessions
DB CPU                                     7,344      7344.0                                34.0       2.0
Commit                                     360,000    7413                   20.59          34.3       2.1
Other                                      116,000    1711                   14.75          7.9        0.5
Configuration                              4,400      1426                   324.00         6.6        0.4
User I/O                                   18,000     428                    23.76          2.0        0.1
System I/O                                 22,000     428                    19.44          2.0        0.1

Host CPU
CPUs  Cores  Sockets  Load Average Begin  Load Average End  %User  %System  %WIO  %Idle
16    8      1        2.40                4.10              25.0   10.0     3.0   62.0

Instance CPU
%Total CPU  %Busy CPU  %DB time waiting for CPU (Resource Manager)
35.0        38.0       14.2

IO Profile
Read+Write Per Second  Read per Second  Write Per Second
Total Requests:        130.0            12.0             118.0
Database Requests:     130.0            12.0             118.0
Redo Requests:         304.0            0.0              304.0
Total (MB):            5.9              0.2              5.7
Database (MB):         5.9              0.2              5.7
Redo (MB):             15.7             0.0              15.7
Database (blocks):     334.0            24.0             310.0

Memory Statistics
                                   Begin           End
Host Mem (MB):         65,536         65,536
SGA use (MB):          24,576         24,576
PGA use (MB):          2,100          2,300
% Host Mem used for SGA+PGA:   40.70        41.01

Cache Sizes

                                   Begin           End
Buffer Cache:      16,384M        16,384M        Std Block Size:    8K
Shared Pool Size:  6,144M         6,144M         Log Buffer:        262,144K
In-Memory Area:    0M             0M

Shared Pool Statistics

                                   Begin           End
Memory Usage %:        38.50        39.20
% SQL with executions>1:     98.10        98.60
% Memory for SQL w/exec>1:     96.90        97.25

Main Report
  * Report Summary
  * Wait Events Statistics
  * SQL Statistics
  * Instance Activity Statistics
  * IO Stats
  * Advisory Statistics
  * Replication Statistics (GoldenGate, XStream, Data Guard)

Back to Top

Wait Events Statistics

Time Model Statistics

  * DB Time represents total time in user calls
  * DB CPU represents CPU time of foreground processes
  * Total CPU Time represents foreground and background processes
  * Ordered by % of DB time in descending order, followed by Statistic Name
Statistic Name                              Time (s)  % of DB Time  % of Total CPU Time
sql execute elapsed time                   20,952       97.00
DB CPU                                     7,344        34.00          93.87
parse time elapsed                         324          1.50
PL/SQL execution elapsed time              1,944        9.00
hard parse elapsed time                    43.20        0.20
DB time                                    21,600       0.00
background elapsed time                    648          0.00
background cpu time                        324          0.00
total CPU time                             7,668        0.00

Back to Top

Operating System Statistics

Statistic                              Value            End Value
BUSY_TIME                            2,188,800
IDLE_TIME                            3,571,200
IOWAIT_TIME                          172,800
SYS_TIME                             576,000
USER_TIME                            1,440,000
LOAD                                 4.10             4.10
RSRC_MGR_CPU_WAIT_TIME               216
PHYSICAL_MEMORY_BYTES                68,719,476,736
NUM_CPUS                             16
NUM_CPU_CORES                        8
NUM_CPU_SOCKETS                      1

Back to Top

Foreground Wait Class

  * Captured Time accounts for 96.8% of Total DB time 21600.00 (s)
  * Total FG Wait Time: 14256.00 (s)   DB CPU time: 7344.00 (s)
Wait Class                                Waits   %Time-outs Total Wait Time (s) Avg wait (ms) %DB time
DB CPU                                     7,344                  7344                              34.00
Commit                                     360,000   0            7413               20.59          34.32
Other                                      116,000   0            1711               14.75          7.92
Configuration                              4,400     0            1426               324.00         6.60
User I/O                                   18,000    0            428                23.76          1.98
System I/O                                 22,000    0            428                19.44          1.98

Back to Top

Foreground Wait Events

Event                                      Waits   %Time-outs Total Wait Time (s) Avg wait (ms) Waits /txn % DB time
log file sync                              360,000   0            7413               4.20           0.31       34.32
log file switch completion                 4,400     0            1426               14.20          0.00       6.60
latch: redo allocation                     64,000    0            998                1.60           0.06       4.62
latch: redo copy                           52,000    0            713                1.10           0.05       3.30
db file sequential read                    18,000    0            428                0.80           0.02       1.98
LGWR wait for redo copy                    22,000    0            428                0.90           0.02       1.98

Back to Top

Background Wait Events

Event                                      Waits   %Time-outs Total Wait Time (s) Avg wait (ms) Waits /txn % bg time
log file parallel write                    520,000   0            360                0.69           0.45       62.00
LGWR wait for redo copy                    160,000   0            62                 0.39           0.14       12.00
db file parallel write                     68,000    0            40                 0.59           0.06       4.50

Back to Top

SQL Statistics

  * SQL ordered by Elapsed Time
  * SQL ordered by CPU Time
  * SQL ordered by User I/O Wait Time

Back to Top

SQL ordered by Elapsed Time

  * Resources reported for PL/SQL code includes the resources used by all SQL statements called by the code.
  * Captured SQL account for 37.2% of Total DB Time (s): 21600
Elapsed Time (s)  Executions  Elapsed Time per Exec (s)  %Total  %CPU  %IO  SQL Id        SQL Module           PDB Name  SQL Text
3,162.24         37,142      0.09                        14.64   12.00  8.00  5n5az2vm7f31u APPMOD_COMMIT_1      APPPDB1  INSERT INTO txn_audit (txn_id, account_id, amount, create_...
2,108.16         18,571      0.11                        9.76    10.00  5.00  h1hv6dmkcygtg APPMOD_COMMIT_2      APPPDB1  UPDATE order_status SET status=:B1, last_upd_ts=SYSTIMESTA...
1,449.36         12,380      0.12                        6.71    15.00  7.00  bycddznak7xxv APPMOD_COMMIT_3      APPPDB1  BEGIN payment_pkg.capture_commit(:B1,:B2); END;
1,317.60         9,285       0.14                        6.10    18.00  4.00  21cbc5j8x4vb2 APPMOD_COMMIT_4      APPPDB1  INSERT INTO txn_audit (txn_id, account_id, amount, create_...


SQL ordered by CPU Time

  * Resources reported for PL/SQL code includes the resources used by all SQL statements called by the code.
  * Captured SQL account for 4.8% of Total DB CPU (s): 7344
Elapsed Time (s)  Executions  Elapsed Time per Exec (s)  %Total  %CPU  %IO  SQL Id        SQL Module           PDB Name  SQL Text
3,162.24         37,142      0.09                        14.64   12.00  8.00  5n5az2vm7f31u APPMOD_COMMIT_1      APPPDB1  INSERT INTO txn_audit (txn_id, account_id, amount, create_...
1,317.60         9,285       0.14                        6.10    18.00  4.00  21cbc5j8x4vb2 APPMOD_COMMIT_4      APPPDB1  INSERT INTO txn_audit (txn_id, account_id, amount, create_...
1,449.36         12,380      0.12                        6.71    15.00  7.00  bycddznak7xxv APPMOD_COMMIT_3      APPPDB1  BEGIN payment_pkg.capture_commit(:B1,:B2); END;
2,108.16         18,571      0.11                        9.76    10.00  5.00  h1hv6dmkcygtg APPMOD_COMMIT_2      APPPDB1  UPDATE order_status SET status=:B1, last_upd_ts=SYSTIMESTA...


SQL ordered by User I/O Wait Time

  * Resources reported for PL/SQL code includes the resources used by all SQL statements called by the code.
  * Captured SQL account for 2.4% of Total User I/O Wait Time (s): 855
Elapsed Time (s)  Executions  Elapsed Time per Exec (s)  %Total  %CPU  %IO  SQL Id        SQL Module           PDB Name  SQL Text
3,162.24         37,142      0.09                        14.64   12.00  8.00  5n5az2vm7f31u APPMOD_COMMIT_1      APPPDB1  INSERT INTO txn_audit (txn_id, account_id, amount, create_...
2,108.16         18,571      0.11                        9.76    10.00  5.00  h1hv6dmkcygtg APPMOD_COMMIT_2      APPPDB1  UPDATE order_status SET status=:B1, last_upd_ts=SYSTIMESTA...
1,449.36         12,380      0.12                        6.71    15.00  7.00  bycddznak7xxv APPMOD_COMMIT_3      APPPDB1  BEGIN payment_pkg.capture_commit(:B1,:B2); END;
1,317.60         9,285       0.14                        6.10    18.00  4.00  21cbc5j8x4vb2 APPMOD_COMMIT_4      APPPDB1  INSERT INTO txn_audit (txn_id, account_id, amount, create_...


Back to Top

Instance Activity Statistics

  * Key Instance Activity Stats
  * Instance Activity Stats

Back to Top

Key Instance Activity Stats

Statistic                                Total              per Second     per Trans
db block changes                         42,480,000         11,800         36.88
execute count                            18,720,000         5,200          16.25
logons cumulative                        288                0.08           0.00
opened cursors cumulative                19,656,000         5,460          17.06
parse count (total)                      2,664,000          740            2.31
parse time elapsed                       324                0.09           0.00
physical reads                           86,400             24             0.07
physical writes                          1,116,000          310            0.97
redo size                                59,400,000,000     16,500,000     51,562.50
session logical reads                    151,200,000        42,000         131.25
user calls                               2,808,000          780            2.44
user commits                             1,152,000          320            1
user rollbacks                           1,800              0.50           0.00
workarea executions - onepass            0                  0              0
workarea executions - multipass          0                  0              0
workarea executions - optimal            6,552,000          1,820.00       5.69

Instance Activity Stats

Statistic                                Total              per Second     per Trans
CPU used by this session                 734,400            204            0.64
CR blocks created                        33,264,000         9,240          28.88
Commit SCN cached                        2,419,200          672            2.10
DBWR checkpoint buffers written          1,049,040          291.40         0.91
gc cr blocks received                    0                  0              0
gc current blocks received               0                  0              0
gc messages sent                         0                  0              0

Back to Top

Advisory Statistics

  * PGA Aggr Summary
  * PGA Aggr Target Stats
  * PGA Memory Advisory
  * Shared Pool Advisory
  * SGA Target Advisory

Back to Top

PGA Aggr Summary

PGA Cache Hit %  W/A MB Processed  Extra W/A MB Read/Written
99.80           27,360         120

PGA Aggr Target Stats

PGA Aggr Target(M)  Auto PGA Target(M)  PGA Mem Alloc(M)  W/A PGA Used(M)  %PGA W/A Mem  %Auto W/A Mem  %Man W/A Mem  Global Mem Bound(K)
B  7,360              5,740                2,100            12              0.55           100.00           0.00           1,048,576
E  7,360              5,593                2,300            14              0.60           100.00           0.00           1,048,576

PGA Memory Advisory

PGA Target Est (MB)  Size Factr  W/A MB Processed  Estd Extra W/A MB Read/Written to Disk  Estd PGA Cache Hit %  Estd PGA Overalloc Count  Estd Time
1,792              0.25        27,360             216                                    99.65                  0                          24,839
3,584              0.50        27,360             216                                    99.70                  0                          24,839
5,632              0.75        27,360             216                                    99.75                  0                          24,839
7,424              1.00        27,360             120                                    99.80                  0                          21,600
9,216              1.25        27,360             78.53                                  99.85                  0                          21,438
11,008             1.50        27,360             55.54                                  99.90                  0                          21,276
14,848             2.00        27,360             32.15                                  100.00                 0                          20,952

Shared Pool Advisory

Shared Pool Size(M)  SP Size Factr  Est LC Size (M)  Est LC Mem Obj  Est LC Time Saved (s)  Est LC Time Saved Factr  Est LC Load Time (s)  Est LC Load Time Factr
3,072               0.50           1,471             46,000           19,007                  0.86                      77,760                 3.80
4,608               0.75           2,147             56,500           19,656                  0.91                      51,840                 2.53
6,144               1.00           2,823             67,000           20,304                  0.95                      38,880                 1.90
7,680               1.25           3,499             77,500           20,952                  0.99                      31,104                 1.52
9,216               1.50           4,175             88,000           21,600                  1.04                      25,920                 1.27

SGA Target Advisory
SGA Target Size (M)  SGA Size Factor  Est DB Time (s)  Est Physical Reads
12,288              0.50              22,680            95,040
18,432              0.75              22,680            95,040
24,576              1.00              21,600            86,400
30,720              1.25              21,330            84,888
36,864              1.50              21,060            83,376
49,152              2.00              20,520            80,352

Back to Top

Replication Statistics (GoldenGate, XStream, Data Guard)

No significant replication activity captured in this snapshot interval.

Back to Top
