WORKLOAD REPOSITORY report for

DB Name          DB Id        Instance         Inst num Startup Time       Release      RAC
ADGREP           1182736406   adgrep1          1        21-Feb-26 16:00    19.19.0.0.0  NO

Host Name        Platform                 CPUs   Cores  Sockets  Memory (GB)
adgrep-db01      Linux x86 64-bit         16     8      1        64.00

Snap Id            Snap Time              Sessions   Cursors/Session   CDB
Begin Snap: 1416   02-Mar-26 16:00:00     612        6.8               YES
End Snap:   1417   02-Mar-26 17:00:00     618        7.0               YES
Elapsed:     60.00 (mins)
DB Time:    240.00 (mins)

Report Summary

Load Profile

Per Second       Per Transaction  Per Exec     Per Call
DB Time (s):             4                0.1              0.00         0.02
DB CPU (s):              1.0              0.0              0.00         0.01
Background CPU (s):      0.1              0.0              0.00         0.00
Redo size (bytes):       10,500,000       175,000
Logical read (blocks):   16,000           266.7
Block changes:           2,200            36.7
Physical read (blocks):  22               0.4
Physical write (blocks): 70               1.2
Read IO requests:        16               0.3
Write IO requests:       34               0.6
Read IO (MB):            0.4              0.0
Write IO (MB):           1.3              0.0
User calls:              180              3
Parses (SQL):            180              3
Hard parses (SQL):       0.1              0.0
SQL Work Area (MB):      2                0.0
Logons:                  0.0              0.0
Executes (SQL):          900              15
Rollbacks:               0.0              0.0
Transactions:            60

Instance Efficiency Percentages (Target 100%)

Buffer Nowait %:       99.70    Redo NoWait %:         100.00
Buffer Hit %:          99.00    In-memory Sort %:      99.80
Library Hit %:         99.20    Soft Parse %:          99.40
Execute to Parse %:    79.00    Latch Hit %:           99.00
Parse CPU to Parse Elapsd %:  88.00    % Non-Parse CPU:     99.40
Flash Cache Hit %:     0.00

Top 10 Foreground Events by Total Wait Time
Event                                      Waits     Total Wait Time (sec) Wait Avg(ms) % DB time Wait Class
DB CPU                                     3.7K       26.0
RFS write                                  24,000     1065.6                 2.00         7.4        Network
remote log write                           18,000     1491.8                 2.40         10.4       Network
db file sequential read                    16,000     852.5                  1.00         5.9        User I/O
log file sync                              12,000     532.8                  1.60         3.7        Commit
RFS random I/O                             14,000     959.0                  1.50         6.7        System I/O

Wait Classes by Total Wait Time

Wait Class                                Waits     Total Wait Time (sec) Avg Wait (ms) % DB time Avg Active Sessions
DB CPU                                     3,744      3744.0                                26.0       1.0
Network                                    42,000     2557                   60.89          17.8       0.7
System I/O                                 14,000     959                    68.50          6.7        0.3
User I/O                                   16,000     852                    53.28          5.9        0.2
Commit                                     12,000     533                    44.40          3.7        0.1

Host CPU
CPUs  Cores  Sockets  Load Average Begin  Load Average End  %User  %System  %WIO  %Idle
16    8      1        1.40                2.20              12.0   6.0      5.0   77.0

Instance CPU
%Total CPU  %Busy CPU  %DB time waiting for CPU (Resource Manager)
18.0        23.0       11.6

IO Profile
Read+Write Per Second  Read per Second  Write Per Second
Total Requests:        50.0             16.0             34.0
Database Requests:     50.0             16.0             34.0
Redo Requests:         57.0             0.0              57.0
Total (MB):            1.7              0.4              1.3
Database (MB):         1.7              0.4              1.3
Redo (MB):             10.0             0.0              10.0
Database (blocks):     92.0             22.0             70.0

Memory Statistics
                                   Begin           End
Host Mem (MB):         65,536         65,536
SGA use (MB):          16,384         16,384
PGA use (MB):          1,800          1,960
% Host Mem used for SGA+PGA:   27.75        27.99

Cache Sizes

                                   Begin           End
Buffer Cache:      10,240M        10,240M        Std Block Size:    8K
Shared Pool Size:  4,096M         4,096M         Log Buffer:        262,144K
In-Memory Area:    0M             0M

Shared Pool Statistics

                                   Begin           End
Memory Usage %:        31.40        32.10
% SQL with executions>1:     98.10        98.60
% Memory for SQL w/exec>1:     96.90        97.25

Main Report
  * Report Summary
  * Wait Events Statistics
  * SQL Statistics
  * Instance Activity Statistics
  * IO Stats
  * Advisory Statistics
  * Replication Statistics (GoldenGate, XStream, Data Guard)

Back to Top

Wait Events Statistics

Time Model Statistics

  * DB Time represents total time in user calls
  * DB CPU represents CPU time of foreground processes
  * Total CPU Time represents foreground and background processes
  * Ordered by % of DB time in descending order, followed by Statistic Name
Statistic Name                              Time (s)  % of DB Time  % of Total CPU Time
sql execute elapsed time                   13,968       97.00
DB CPU                                     3,744        26.00          88.64
parse time elapsed                         216          1.50
PL/SQL execution elapsed time              1,296        4.00
hard parse elapsed time                    28.80        0.20
DB time                                    14,400       0.00
background elapsed time                    432          0.00
background cpu time                        216          0.00
total CPU time                             3,960        0.00

Back to Top

Operating System Statistics

Statistic                              Value            End Value
BUSY_TIME                            1,324,800
IDLE_TIME                            4,435,200
IOWAIT_TIME                          288,000
SYS_TIME                             345,600
USER_TIME                            691,200
LOAD                                 2.20             2.20
RSRC_MGR_CPU_WAIT_TIME               144
PHYSICAL_MEMORY_BYTES                68,719,476,736
NUM_CPUS                             16
NUM_CPU_CORES                        8
NUM_CPU_SOCKETS                      1

Back to Top

Foreground Wait Class

  * Captured Time accounts for 96.8% of Total DB time 14400.00 (s)
  * Total FG Wait Time: 10656.00 (s)   DB CPU time: 3744.00 (s)
Wait Class                                Waits   %Time-outs Total Wait Time (s) Avg wait (ms) %DB time
DB CPU                                     3,744                  3744                              26.00
Network                                    42,000    0            2557               60.89          17.76
System I/O                                 14,000    0            959                68.50          6.66
User I/O                                   16,000    0            852                53.28          5.92
Commit                                     12,000    0            533                44.40          3.70

Back to Top

Foreground Wait Events

Event                                      Waits   %Time-outs Total Wait Time (s) Avg wait (ms) Waits /txn % DB time
RFS write                                  24,000    0            1066               2.00           0.11       7.40
remote log write                           18,000    0            1492               2.40           0.08       10.36
db file sequential read                    16,000    0            852                1.00           0.07       5.92
log file sync                              12,000    0            533                1.60           0.06       3.70
RFS random I/O                             14,000    0            959                1.50           0.06       6.66

Back to Top

Background Wait Events

Event                                      Waits   %Time-outs Total Wait Time (s) Avg wait (ms) Waits /txn % bg time
RFS ping                                   96,000    0            32                 0.33           0.44       13.20
log file parallel write                    42,000    0            18                 0.43           0.19       6.10
ARCH wait on SENDREQ                       12,000    0            9                  0.75           0.06       4.00

Back to Top

SQL Statistics

  * SQL ordered by Elapsed Time
  * SQL ordered by CPU Time
  * SQL ordered by User I/O Wait Time

Back to Top

SQL ordered by Elapsed Time

  * Resources reported for PL/SQL code includes the resources used by all SQL statements called by the code.
  * Captured SQL account for 29.2% of Total DB Time (s): 14400
Elapsed Time (s)  Executions  Elapsed Time per Exec (s)  %Total  %CPU  %IO  SQL Id        SQL Module           PDB Name  SQL Text
1,710.72         1,714       1.00                        11.88   17.00  21.00 7zh3a6s66xghc APPMOD_ADG_1         APPPDB1  SELECT /* adg_read */ COUNT(*) FROM sales_f WHERE order_da...
1,166.40         857         1.36                        8.10    14.00  18.00 kha147nfjuu55 APPMOD_ADG_2         APPPDB1  SELECT /* standby_dash */ region_id, SUM(amount_sold) FROM...
777.60           571         1.36                        5.40    12.00  16.00 rwqg1pr7xdckq APPMOD_ADG_3         APPPDB1  BEGIN standby_reporting_pkg.refresh_mv(:B1); END;
544.32           428         1.27                        3.78    15.00  14.00 hwh3tfvczncq8 APPMOD_ADG_4         APPPDB1  SELECT /* adg_read */ COUNT(*) FROM sales_f WHERE order_da...


SQL ordered by CPU Time

  * Resources reported for PL/SQL code includes the resources used by all SQL statements called by the code.
  * Captured SQL account for 4.4% of Total DB CPU (s): 3744
Elapsed Time (s)  Executions  Elapsed Time per Exec (s)  %Total  %CPU  %IO  SQL Id        SQL Module           PDB Name  SQL Text
1,710.72         1,714       1.00                        11.88   17.00  21.00 7zh3a6s66xghc APPMOD_ADG_1         APPPDB1  SELECT /* adg_read */ COUNT(*) FROM sales_f WHERE order_da...
1,166.40         857         1.36                        8.10    14.00  18.00 kha147nfjuu55 APPMOD_ADG_2         APPPDB1  SELECT /* standby_dash */ region_id, SUM(amount_sold) FROM...
777.60           571         1.36                        5.40    12.00  16.00 rwqg1pr7xdckq APPMOD_ADG_3         APPPDB1  BEGIN standby_reporting_pkg.refresh_mv(:B1); END;
544.32           428         1.27                        3.78    15.00  14.00 hwh3tfvczncq8 APPMOD_ADG_4         APPPDB1  SELECT /* adg_read */ COUNT(*) FROM sales_f WHERE order_da...


SQL ordered by User I/O Wait Time

  * Resources reported for PL/SQL code includes the resources used by all SQL statements called by the code.
  * Captured SQL account for 5.3% of Total User I/O Wait Time (s): 1811
Elapsed Time (s)  Executions  Elapsed Time per Exec (s)  %Total  %CPU  %IO  SQL Id        SQL Module           PDB Name  SQL Text
1,710.72         1,714       1.00                        11.88   17.00  21.00 7zh3a6s66xghc APPMOD_ADG_1         APPPDB1  SELECT /* adg_read */ COUNT(*) FROM sales_f WHERE order_da...
1,166.40         857         1.36                        8.10    14.00  18.00 kha147nfjuu55 APPMOD_ADG_2         APPPDB1  SELECT /* standby_dash */ region_id, SUM(amount_sold) FROM...
777.60           571         1.36                        5.40    12.00  16.00 rwqg1pr7xdckq APPMOD_ADG_3         APPPDB1  BEGIN standby_reporting_pkg.refresh_mv(:B1); END;
544.32           428         1.27                        3.78    15.00  14.00 hwh3tfvczncq8 APPMOD_ADG_4         APPPDB1  SELECT /* adg_read */ COUNT(*) FROM sales_f WHERE order_da...


Back to Top

Instance Activity Statistics

  * Key Instance Activity Stats
  * Instance Activity Stats

Back to Top

Key Instance Activity Stats

Statistic                                Total              per Second     per Trans
db block changes                         7,920,000          2,200          36.67
execute count                            3,240,000          900            15
logons cumulative                        72                 0.02           0.00
opened cursors cumulative                3,402,000          945            15.75
parse count (total)                      648,000            180            3
parse time elapsed                       216                0.06           0.00
physical reads                           79,200             22             0.37
physical writes                          252,000            70             1.17
redo size                                37,800,000,000     10,500,000     175,000
session logical reads                    57,600,000         16,000         266.67
user calls                               648,000            180            3
user commits                             216,000            60             1
user rollbacks                           144                0.04           0.00
workarea executions - onepass            0                  0              0
workarea executions - multipass          0                  0              0
workarea executions - optimal            1,134,000          315            5.25

Instance Activity Stats

Statistic                                Total              per Second     per Trans
CPU used by this session                 374,400            104            1.73
CR blocks created                        12,672,000         3,520          58.67
Commit SCN cached                        453,600            126            2.10
DBWR checkpoint buffers written          236,880            65.80          1.10
gc cr blocks received                    0                  0              0
gc current blocks received               0                  0              0
gc messages sent                         0                  0              0

Back to Top

Advisory Statistics

  * PGA Aggr Summary
  * PGA Aggr Target Stats
  * PGA Memory Advisory
  * Shared Pool Advisory
  * SGA Target Advisory

Back to Top

PGA Aggr Summary

PGA Cache Hit %  W/A MB Processed  Extra W/A MB Read/Written
99.80           15,000         120

PGA Aggr Target Stats

PGA Aggr Target(M)  Auto PGA Target(M)  PGA Mem Alloc(M)  W/A PGA Used(M)  %PGA W/A Mem  %Auto W/A Mem  %Man W/A Mem  Global Mem Bound(K)
B  6,272              4,892                1,800            12              0.55           100.00           0.00           1,048,576
E  6,272              4,766                1,960            14              0.60           100.00           0.00           1,048,576

PGA Memory Advisory

PGA Target Est (MB)  Size Factr  W/A MB Processed  Estd Extra W/A MB Read/Written to Disk  Estd PGA Cache Hit %  Estd PGA Overalloc Count  Estd Time
1,536              0.25        15,000             216                                    99.65                  0                          16,560
3,072              0.50        15,000             216                                    99.70                  0                          16,560
4,608              0.75        15,000             216                                    99.75                  0                          16,560
6,144              1.00        15,000             120                                    99.80                  0                          14,400
7,936              1.25        15,000             78.53                                  99.85                  0                          14,292
9,472              1.50        15,000             55.54                                  99.90                  0                          14,184
12,544             2.00        15,000             32.15                                  100.00                 0                          13,968

Shared Pool Advisory

Shared Pool Size(M)  SP Size Factr  Est LC Size (M)  Est LC Mem Obj  Est LC Time Saved (s)  Est LC Time Saved Factr  Est LC Load Time (s)  Est LC Load Time Factr
2,048               0.50           1,021             46,000           12,671                  0.86                      51,840                 3.80
3,072               0.75           1,471             56,500           13,103                  0.91                      34,560                 2.53
4,096               1.00           1,922             67,000           13,536                  0.95                      25,920                 1.90
5,120               1.25           2,372             77,500           13,968                  0.99                      20,736                 1.52
6,144               1.50           2,823             88,000           14,400                  1.04                      17,280                 1.27

SGA Target Advisory
SGA Target Size (M)  SGA Size Factor  Est DB Time (s)  Est Physical Reads
8,192               0.50              15,120            87,120
12,288              0.75              15,120            87,120
16,384              1.00              14,400            79,200
20,480              1.25              14,220            77,814
24,576              1.50              14,040            76,428
32,768              2.00              13,680            73,656

Back to Top

Replication Statistics (GoldenGate, XStream, Data Guard)

Data Guard Statistics

Metric                           Value
Transport Lag                  00:01:48
Apply Lag                      00:03:16
Apply Rate                     42.3 MB/s
Transport Rate                 55.8 MB/s
Redo Receive Rate              53.1 MB/s
Apply Finish Time              00:03:54

Back to Top
