WORKLOAD REPOSITORY report for

DB Name          DB Id        Instance         Inst num Startup Time       Release      RAC
CPUPRD           1182736401   cpuprd1          1        20-Feb-26 10:00    19.19.0.0.0  NO

Host Name        Platform                 CPUs   Cores  Sockets  Memory (GB)
cpuprd-db01      Linux x86 64-bit         16     8      1        64.00

Snap Id            Snap Time              Sessions   Cursors/Session   CDB
Begin Snap: 1310   01-Mar-26 10:00:00     612        6.8               YES
End Snap:   1311   01-Mar-26 11:00:00     618        7.0               YES
Elapsed:     60.00 (mins)
DB Time:    360.00 (mins)

Report Summary

Load Profile

Per Second       Per Transaction  Per Exec     Per Call
DB Time (s):             6                0.0              0.00         0.00
DB CPU (s):              4.6              0.0              0.00         0.00
Background CPU (s):      0.1              0.0              0.00         0.00
Redo size (bytes):       10,200,000       42,500
Logical read (blocks):   132,000          550
Block changes:           11,200           46.7
Physical read (blocks):  41               0.2
Physical write (blocks): 380              1.6
Read IO requests:        18               0.1
Write IO requests:       66               0.3
Read IO (MB):            0.4              0.0
Write IO (MB):           3.9              0.0
User calls:              1,320            5.5
Parses (SQL):            2,100            8.8
Hard parses (SQL):       1.4              0.0
SQL Work Area (MB):      15               0.1
Logons:                  0.4              0.0
Executes (SQL):          9,400            39.2
Rollbacks:               0.8              0.0
Transactions:            240

Instance Efficiency Percentages (Target 100%)

Buffer Nowait %:       99.70    Redo NoWait %:         100.00
Buffer Hit %:          99.90    In-memory Sort %:      99.90
Library Hit %:         99.50    Soft Parse %:          99.80
Execute to Parse %:    81.20    Latch Hit %:           99.40
Parse CPU to Parse Elapsd %:  89.00    % Non-Parse CPU:     99.40
Flash Cache Hit %:     0.00

Top 10 Foreground Events by Total Wait Time
Event                                      Waits     Total Wait Time (sec) Wait Avg(ms) % DB time Wait Class
DB CPU                                     16.6K      77.0
resmgr:cpu quantum                         21,000     1689.1                 8.40         7.8        Scheduler
log file sync                              95,000     596.2                  1.20         2.8        Commit
db file sequential read                    28,000     447.1                  0.70         2.1        User I/O
latch: cache buffers chains                26,000     397.4                  0.40         1.8        Concurrency
cursor: pin S wait on X                    1,200      248.4                  2.90         1.1        Concurrency
log file parallel write                    100,000    198.7                  1.10         0.9        System I/O

Wait Classes by Total Wait Time

Wait Class                                Waits     Total Wait Time (sec) Avg Wait (ms) % DB time Avg Active Sessions
DB CPU                                     16,632     16632.0                               77.0       4.6
Scheduler                                  21,000     1689                   80.43          7.8        0.5
Concurrency                                27,200     646                    23.74          3.0        0.2
Commit                                     95,000     596                    6.28           2.8        0.2
User I/O                                   28,000     447                    15.97          2.1        0.1
System I/O                                 100,000    199                    1.99           0.9        0.1

Host CPU
CPUs  Cores  Sockets  Load Average Begin  Load Average End  %User  %System  %WIO  %Idle
16    8      1        4.10                8.20              72.0   8.0      0.5   19.5

Instance CPU
%Total CPU  %Busy CPU  %DB time waiting for CPU (Resource Manager)
80.0        80.5       12.1

IO Profile
Read+Write Per Second  Read per Second  Write Per Second
Total Requests:        84.0             18.0             66.0
Database Requests:     84.0             18.0             66.0
Redo Requests:         228.0            0.0              228.0
Total (MB):            4.3              0.4              3.9
Database (MB):         4.3              0.4              3.9
Redo (MB):             9.7              0.0              9.7
Database (blocks):     421.0            41.0             380.0

Memory Statistics
                                   Begin           End
Host Mem (MB):         65,536         65,536
SGA use (MB):          24,576         24,576
PGA use (MB):          2,600          2,840
% Host Mem used for SGA+PGA:   41.47        41.83

Cache Sizes

                                   Begin           End
Buffer Cache:      18,432M        18,432M        Std Block Size:    8K
Shared Pool Size:  6,144M         6,144M         Log Buffer:        262,144K
In-Memory Area:    0M             0M

Shared Pool Statistics

                                   Begin           End
Memory Usage %:        37.10        38.00
% SQL with executions>1:     98.10        98.60
% Memory for SQL w/exec>1:     96.90        97.25

Main Report
  * Report Summary
  * Wait Events Statistics
  * SQL Statistics
  * Instance Activity Statistics
  * IO Stats
  * Advisory Statistics
  * Replication Statistics (GoldenGate, XStream, Data Guard)

Back to Top

Wait Events Statistics

Time Model Statistics

  * DB Time represents total time in user calls
  * DB CPU represents CPU time of foreground processes
  * Total CPU Time represents foreground and background processes
  * Ordered by % of DB time in descending order, followed by Statistic Name
Statistic Name                              Time (s)  % of DB Time  % of Total CPU Time
sql execute elapsed time                   20,952       97.00
DB CPU                                     16,632       77.00          97.19
parse time elapsed                         324          1.50
PL/SQL execution elapsed time              1,944        9.00
hard parse elapsed time                    43.20        0.20
DB time                                    21,600       0.00
background elapsed time                    648          0.00
background cpu time                        324          0.00
total CPU time                             16,956       0.00

Back to Top

Operating System Statistics

Statistic                              Value            End Value
BUSY_TIME                            4,636,800
IDLE_TIME                            1,123,200
IOWAIT_TIME                          28,800
SYS_TIME                             460,800
USER_TIME                            4,147,200
LOAD                                 8.20             8.20
RSRC_MGR_CPU_WAIT_TIME               397
PHYSICAL_MEMORY_BYTES                68,719,476,736
NUM_CPUS                             16
NUM_CPU_CORES                        8
NUM_CPU_SOCKETS                      1

Back to Top

Foreground Wait Class

  * Captured Time accounts for 96.8% of Total DB time 21600.00 (s)
  * Total FG Wait Time: 4968.00 (s)   DB CPU time: 16632.00 (s)
Wait Class                                Waits   %Time-outs Total Wait Time (s) Avg wait (ms) %DB time
DB CPU                                     16,632                 16632                             77.00
Scheduler                                  21,000    0            1689               80.43          7.82
Concurrency                                27,200    0            646                23.74          2.99
Commit                                     95,000    0            596                6.28           2.76
User I/O                                   28,000    0            447                15.97          2.07
System I/O                                 100,000   0            199                1.99           0.92

Back to Top

Foreground Wait Events

Event                                      Waits   %Time-outs Total Wait Time (s) Avg wait (ms) Waits /txn % DB time
resmgr:cpu quantum                         21,000    0            1689               8.40           0.02       7.82
log file sync                              95,000    0            596                1.20           0.11       2.76
db file sequential read                    28,000    0            447                0.70           0.03       2.07
latch: cache buffers chains                26,000    0            397                0.40           0.03       1.84
cursor: pin S wait on X                    1,200     0            248                2.90           0.00       1.15
log file parallel write                    100,000   0            199                1.10           0.12       0.92

Back to Top

Background Wait Events

Event                                      Waits   %Time-outs Total Wait Time (s) Avg wait (ms) Waits /txn % bg time
log file parallel write                    320,000   0            240                0.75           0.37       42.00
db file parallel write                     99,000    0            98                 0.99           0.11       13.00
control file sequential read               28,000    0            19                 0.68           0.03       2.90

Back to Top

SQL Statistics

  * SQL ordered by Elapsed Time
  * SQL ordered by CPU Time
  * SQL ordered by User I/O Wait Time

Back to Top

SQL ordered by Elapsed Time

  * Resources reported for PL/SQL code includes the resources used by all SQL statements called by the code.
  * Captured SQL account for 47.2% of Total DB Time (s): 21600
Elapsed Time (s)  Executions  Elapsed Time per Exec (s)  %Total  %CPU  %IO  SQL Id        SQL Module           PDB Name  SQL Text
6,259.68         4,142       1.51                        28.98   92.00  1.00  5n5az2vm7f31u APPMOD_CPU_1         APPPDB1  SELECT /* cpu_hot */ SUM(amount_sold) FROM sales_f WHERE p...
2,449.44         2,071       1.18                        11.34   87.00  1.00  h1hv6dmkcygtg APPMOD_CPU_2         APPPDB1  BEGIN billing_pkg.reprice_batch(:B1,:B2,:B3); END;
952.56           1,380       0.69                        4.41    79.00  3.00  bycddznak7xxv APPMOD_CPU_3         APPPDB1  SELECT /* hash_hot */ c.cust_id, COUNT(*) FROM orders o JO...
544.32           1,035       0.53                        2.52    71.00  5.00  21cbc5j8x4vb2 APPMOD_CPU_4         APPPDB1  SELECT /* cpu_hot */ SUM(amount_sold) FROM sales_f WHERE p...


SQL ordered by CPU Time

  * Resources reported for PL/SQL code includes the resources used by all SQL statements called by the code.
  * Captured SQL account for 41.8% of Total DB CPU (s): 16632
Elapsed Time (s)  Executions  Elapsed Time per Exec (s)  %Total  %CPU  %IO  SQL Id        SQL Module           PDB Name  SQL Text
6,259.68         4,142       1.51                        28.98   92.00  1.00  5n5az2vm7f31u APPMOD_CPU_1         APPPDB1  SELECT /* cpu_hot */ SUM(amount_sold) FROM sales_f WHERE p...
2,449.44         2,071       1.18                        11.34   87.00  1.00  h1hv6dmkcygtg APPMOD_CPU_2         APPPDB1  BEGIN billing_pkg.reprice_batch(:B1,:B2,:B3); END;
952.56           1,380       0.69                        4.41    79.00  3.00  bycddznak7xxv APPMOD_CPU_3         APPPDB1  SELECT /* hash_hot */ c.cust_id, COUNT(*) FROM orders o JO...
544.32           1,035       0.53                        2.52    71.00  5.00  21cbc5j8x4vb2 APPMOD_CPU_4         APPPDB1  SELECT /* cpu_hot */ SUM(amount_sold) FROM sales_f WHERE p...


SQL ordered by User I/O Wait Time

  * Resources reported for PL/SQL code includes the resources used by all SQL statements called by the code.
  * Captured SQL account for 0.7% of Total User I/O Wait Time (s): 645
Elapsed Time (s)  Executions  Elapsed Time per Exec (s)  %Total  %CPU  %IO  SQL Id        SQL Module           PDB Name  SQL Text
6,259.68         4,142       1.51                        28.98   92.00  1.00  5n5az2vm7f31u APPMOD_CPU_1         APPPDB1  SELECT /* cpu_hot */ SUM(amount_sold) FROM sales_f WHERE p...
952.56           1,380       0.69                        4.41    79.00  3.00  bycddznak7xxv APPMOD_CPU_3         APPPDB1  SELECT /* hash_hot */ c.cust_id, COUNT(*) FROM orders o JO...
544.32           1,035       0.53                        2.52    71.00  5.00  21cbc5j8x4vb2 APPMOD_CPU_4         APPPDB1  SELECT /* cpu_hot */ SUM(amount_sold) FROM sales_f WHERE p...
2,449.44         2,071       1.18                        11.34   87.00  1.00  h1hv6dmkcygtg APPMOD_CPU_2         APPPDB1  BEGIN billing_pkg.reprice_batch(:B1,:B2,:B3); END;


Back to Top

Instance Activity Statistics

  * Key Instance Activity Stats
  * Instance Activity Stats

Back to Top

Key Instance Activity Stats

Statistic                                Total              per Second     per Trans
db block changes                         40,320,000         11,200         46.67
execute count                            33,840,000         9,400          39.17
logons cumulative                        1,440              0.40           0.00
opened cursors cumulative                35,532,000         9,870          41.12
parse count (total)                      7,560,000          2,100          8.75
parse time elapsed                       324                0.09           0.00
physical reads                           147,600            41             0.17
physical writes                          1,368,000          380            1.58
redo size                                36,720,000,000     10,200,000     42,500
session logical reads                    475,200,000        132,000        550
user calls                               4,752,000          1,320          5.50
user commits                             864,000            240            1
user rollbacks                           2,880              0.80           0.00
workarea executions - onepass            0                  0              0
workarea executions - multipass          0                  0              0
workarea executions - optimal            11,844,000         3,290          13.71

Instance Activity Stats

Statistic                                Total              per Second     per Trans
CPU used by this session                 1,663,200          462            1.93
CR blocks created                        104,544,000        29,040         121
Commit SCN cached                        1,814,400          504            2.10
DBWR checkpoint buffers written          1,285,920          357.20         1.49
gc cr blocks received                    0                  0              0
gc current blocks received               0                  0              0
gc messages sent                         0                  0              0

Back to Top

Advisory Statistics

  * PGA Aggr Summary
  * PGA Aggr Target Stats
  * PGA Memory Advisory
  * Shared Pool Advisory
  * SGA Target Advisory

Back to Top

PGA Aggr Summary

PGA Cache Hit %  W/A MB Processed  Extra W/A MB Read/Written
99.80           102,600         120

PGA Aggr Target Stats

PGA Aggr Target(M)  Auto PGA Target(M)  PGA Mem Alloc(M)  W/A PGA Used(M)  %PGA W/A Mem  %Auto W/A Mem  %Man W/A Mem  Global Mem Bound(K)
B  9,088              7,088                2,600            12              0.55           100.00           0.00           1,048,576
E  9,088              6,906                2,840            14              0.60           100.00           0.00           1,048,576

PGA Memory Advisory

PGA Target Est (MB)  Size Factr  W/A MB Processed  Estd Extra W/A MB Read/Written to Disk  Estd PGA Cache Hit %  Estd PGA Overalloc Count  Estd Time
2,304              0.25        102,600            216                                    99.65                  0                          24,839
4,608              0.50        102,600            216                                    99.70                  0                          24,839
6,912              0.75        102,600            216                                    99.75                  0                          24,839
9,216              1.00        102,600            120                                    99.80                  0                          21,600
11,264             1.25        102,600            78.53                                  99.85                  0                          21,438
13,568             1.50        102,600            55.54                                  99.90                  0                          21,276
18,176             2.00        102,600            32.15                                  100.00                 0                          20,952

Shared Pool Advisory

Shared Pool Size(M)  SP Size Factr  Est LC Size (M)  Est LC Mem Obj  Est LC Time Saved (s)  Est LC Time Saved Factr  Est LC Load Time (s)  Est LC Load Time Factr
3,072               0.50           1,471             46,000           19,007                  0.86                      77,760                 3.80
4,608               0.75           2,147             56,500           19,656                  0.91                      51,840                 2.53
6,144               1.00           2,823             67,000           20,304                  0.95                      38,880                 1.90
7,680               1.25           3,499             77,500           20,952                  0.99                      31,104                 1.52
9,216               1.50           4,175             88,000           21,600                  1.04                      25,920                 1.27

SGA Target Advisory
SGA Target Size (M)  SGA Size Factor  Est DB Time (s)  Est Physical Reads
12,288              0.50              22,680            162,360
18,432              0.75              22,680            162,360
24,576              1.00              21,600            147,600
30,720              1.25              21,330            145,017
36,864              1.50              21,060            142,434
49,152              2.00              20,520            137,268

Back to Top

Replication Statistics (GoldenGate, XStream, Data Guard)

No significant replication activity captured in this snapshot interval.

Back to Top
